
  You can now view your Streamlit app in your browser.

  Local URL: http://localhost:8501
  Network URL: http://10.0.0.32:8501
  External URL: http://73.101.142.204:8501

2026-01-22 13:59:10.642 `label` got an empty value. This is discouraged for accessibility reasons and may be disallowed in the future by raising an exception. Please provide a non-empty label and hide it with label_visibility if needed.
Stack (most recent call last):
  File "C:\Users\lbulfon\AppData\Local\Programs\Python\Python311\Lib\threading.py", line 995, in _bootstrap
    self._bootstrap_inner()
  File "C:\Users\lbulfon\AppData\Local\Programs\Python\Python311\Lib\threading.py", line 1038, in _bootstrap_inner
    self.run()
  File "C:\Users\lbulfon\AppData\Local\Programs\Python\Python311\Lib\threading.py", line 975, in run
    self._target(*self._args, **self._kwargs)
  File "C:\Users\lbulfon\MyProjects\Task-Tracker\App\.venv\Lib\site-packages\streamlit\runtime\scriptrunner\script_runner.py", line 379, in _run_script_thread
    self._run_script(request.rerun_data)
  File "C:\Users\lbulfon\MyProjects\Task-Tracker\App\.venv\Lib\site-packages\streamlit\runtime\scriptrunner\script_runner.py", line 688, in _run_script
    ) = exec_func_with_error_handling(code_to_exec, ctx)
  File "C:\Users\lbulfon\MyProjects\Task-Tracker\App\.venv\Lib\site-packages\streamlit\runtime\scriptrunner\exec_code.py", line 129, in exec_func_with_error_handling
    result = func()
  File "C:\Users\lbulfon\MyProjects\Task-Tracker\App\.venv\Lib\site-packages\streamlit\runtime\scriptrunner\script_runner.py", line 672, in code_to_exec
    exec(code, module.__dict__)  # noqa: S102
  File "C:\Users\lbulfon\MyProjects\Task-Tracker\App\app.py", line 815, in <module>
    covering_for = st.selectbox(
  File "C:\Users\lbulfon\MyProjects\Task-Tracker\App\.venv\Lib\site-packages\streamlit\runtime\metrics_util.py", line 532, in wrapped_func
    result = non_optional_func(*args, **kwargs)
  File "C:\Users\lbulfon\MyProjects\Task-Tracker\App\.venv\Lib\site-packages\streamlit\elements\widgets\selectbox.py", line 471, in selectbox
    return self._selectbox(
  File "C:\Users\lbulfon\MyProjects\Task-Tracker\App\.venv\Lib\site-packages\streamlit\elements\widgets\selectbox.py", line 516, in _selectbox
    maybe_raise_label_warnings(label, label_visibility)
  File "C:\Users\lbulfon\MyProjects\Task-Tracker\App\.venv\Lib\site-packages\streamlit\elements\lib\policies.py", line 184, in maybe_raise_label_warnings
    _LOGGER.warning(
2026-01-22 14:39:18.575 `label` got an empty value. This is discouraged for accessibility reasons and may be disallowed in the future by raising an exception. Please provide a non-empty label and hide it with label_visibility if needed.
Stack (most recent call last):
  File "C:\Users\lbulfon\AppData\Local\Programs\Python\Python311\Lib\threading.py", line 995, in _bootstrap
    self._bootstrap_inner()
  File "C:\Users\lbulfon\AppData\Local\Programs\Python\Python311\Lib\threading.py", line 1038, in _bootstrap_inner
    self.run()
  File "C:\Users\lbulfon\AppData\Local\Programs\Python\Python311\Lib\threading.py", line 975, in run
    self._target(*self._args, **self._kwargs)
  File "C:\Users\lbulfon\MyProjects\Task-Tracker\App\.venv\Lib\site-packages\streamlit\runtime\scriptrunner\script_runner.py", line 379, in _run_script_thread
    self._run_script(request.rerun_data)
  File "C:\Users\lbulfon\MyProjects\Task-Tracker\App\.venv\Lib\site-packages\streamlit\runtime\scriptrunner\script_runner.py", line 688, in _run_script
    ) = exec_func_with_error_handling(code_to_exec, ctx)
  File "C:\Users\lbulfon\MyProjects\Task-Tracker\App\.venv\Lib\site-packages\streamlit\runtime\scriptrunner\exec_code.py", line 129, in exec_func_with_error_handling
    result = func()
  File "C:\Users\lbulfon\MyProjects\Task-Tracker\App\.venv\Lib\site-packages\streamlit\runtime\scriptrunner\script_runner.py", line 672, in code_to_exec
    exec(code, module.__dict__)  # noqa: S102
  File "C:\Users\lbulfon\MyProjects\Task-Tracker\App\app.py", line 834, in <module>
    covering_for = st.selectbox(
  File "C:\Users\lbulfon\MyProjects\Task-Tracker\App\.venv\Lib\site-packages\streamlit\runtime\metrics_util.py", line 532, in wrapped_func
    result = non_optional_func(*args, **kwargs)
  File "C:\Users\lbulfon\MyProjects\Task-Tracker\App\.venv\Lib\site-packages\streamlit\elements\widgets\selectbox.py", line 471, in selectbox
    return self._selectbox(
  File "C:\Users\lbulfon\MyProjects\Task-Tracker\App\.venv\Lib\site-packages\streamlit\elements\widgets\selectbox.py", line 516, in _selectbox
    maybe_raise_label_warnings(label, label_visibility)
  File "C:\Users\lbulfon\MyProjects\Task-Tracker\App\.venv\Lib\site-packages\streamlit\elements\lib\policies.py", line 184, in maybe_raise_label_warnings
    _LOGGER.warning(
2026-01-22 14:39:22.199 `label` got an empty value. This is discouraged for accessibility reasons and may be disallowed in the future by raising an exception. Please provide a non-empty label and hide it with label_visibility if needed.
Stack (most recent call last):
  File "C:\Users\lbulfon\AppData\Local\Programs\Python\Python311\Lib\threading.py", line 995, in _bootstrap
    self._bootstrap_inner()
  File "C:\Users\lbulfon\AppData\Local\Programs\Python\Python311\Lib\threading.py", line 1038, in _bootstrap_inner
    self.run()
  File "C:\Users\lbulfon\AppData\Local\Programs\Python\Python311\Lib\threading.py", line 975, in run
    self._target(*self._args, **self._kwargs)
  File "C:\Users\lbulfon\MyProjects\Task-Tracker\App\.venv\Lib\site-packages\streamlit\runtime\scriptrunner\script_runner.py", line 379, in _run_script_thread
    self._run_script(request.rerun_data)
  File "C:\Users\lbulfon\MyProjects\Task-Tracker\App\.venv\Lib\site-packages\streamlit\runtime\scriptrunner\script_runner.py", line 688, in _run_script
    ) = exec_func_with_error_handling(code_to_exec, ctx)
  File "C:\Users\lbulfon\MyProjects\Task-Tracker\App\.venv\Lib\site-packages\streamlit\runtime\scriptrunner\exec_code.py", line 129, in exec_func_with_error_handling
    result = func()
  File "C:\Users\lbulfon\MyProjects\Task-Tracker\App\.venv\Lib\site-packages\streamlit\runtime\scriptrunner\script_runner.py", line 672, in code_to_exec
    exec(code, module.__dict__)  # noqa: S102
  File "C:\Users\lbulfon\MyProjects\Task-Tracker\App\app.py", line 834, in <module>
    covering_for = st.selectbox(
  File "C:\Users\lbulfon\MyProjects\Task-Tracker\App\.venv\Lib\site-packages\streamlit\runtime\metrics_util.py", line 532, in wrapped_func
    result = non_optional_func(*args, **kwargs)
  File "C:\Users\lbulfon\MyProjects\Task-Tracker\App\.venv\Lib\site-packages\streamlit\elements\widgets\selectbox.py", line 471, in selectbox
    return self._selectbox(
  File "C:\Users\lbulfon\MyProjects\Task-Tracker\App\.venv\Lib\site-packages\streamlit\elements\widgets\selectbox.py", line 516, in _selectbox
    maybe_raise_label_warnings(label, label_visibility)
  File "C:\Users\lbulfon\MyProjects\Task-Tracker\App\.venv\Lib\site-packages\streamlit\elements\lib\policies.py", line 184, in maybe_raise_label_warnings
    _LOGGER.warning(
2026-01-22 14:39:24.001 `label` got an empty value. This is discouraged for accessibility reasons and may be disallowed in the future by raising an exception. Please provide a non-empty label and hide it with label_visibility if needed.
Stack (most recent call last):
  File "C:\Users\lbulfon\AppData\Local\Programs\Python\Python311\Lib\threading.py", line 995, in _bootstrap
    self._bootstrap_inner()
  File "C:\Users\lbulfon\AppData\Local\Programs\Python\Python311\Lib\threading.py", line 1038, in _bootstrap_inner
    self.run()
  File "C:\Users\lbulfon\AppData\Local\Programs\Python\Python311\Lib\threading.py", line 975, in run
    self._target(*self._args, **self._kwargs)
  File "C:\Users\lbulfon\MyProjects\Task-Tracker\App\.venv\Lib\site-packages\streamlit\runtime\scriptrunner\script_runner.py", line 379, in _run_script_thread
    self._run_script(request.rerun_data)
  File "C:\Users\lbulfon\MyProjects\Task-Tracker\App\.venv\Lib\site-packages\streamlit\runtime\scriptrunner\script_runner.py", line 688, in _run_script
    ) = exec_func_with_error_handling(code_to_exec, ctx)
  File "C:\Users\lbulfon\MyProjects\Task-Tracker\App\.venv\Lib\site-packages\streamlit\runtime\scriptrunner\exec_code.py", line 129, in exec_func_with_error_handling
    result = func()
  File "C:\Users\lbulfon\MyProjects\Task-Tracker\App\.venv\Lib\site-packages\streamlit\runtime\scriptrunner\script_runner.py", line 672, in code_to_exec
    exec(code, module.__dict__)  # noqa: S102
  File "C:\Users\lbulfon\MyProjects\Task-Tracker\App\app.py", line 834, in <module>
    covering_for = st.selectbox(
  File "C:\Users\lbulfon\MyProjects\Task-Tracker\App\.venv\Lib\site-packages\streamlit\runtime\metrics_util.py", line 532, in wrapped_func
    result = non_optional_func(*args, **kwargs)
  File "C:\Users\lbulfon\MyProjects\Task-Tracker\App\.venv\Lib\site-packages\streamlit\elements\widgets\selectbox.py", line 471, in selectbox
    return self._selectbox(
  File "C:\Users\lbulfon\MyProjects\Task-Tracker\App\.venv\Lib\site-packages\streamlit\elements\widgets\selectbox.py", line 516, in _selectbox
    maybe_raise_label_warnings(label, label_visibility)
  File "C:\Users\lbulfon\MyProjects\Task-Tracker\App\.venv\Lib\site-packages\streamlit\elements\lib\policies.py", line 184, in maybe_raise_label_warnings
    _LOGGER.warning(
2026-01-22 14:40:21.231 `label` got an empty value. This is discouraged for accessibility reasons and may be disallowed in the future by raising an exception. Please provide a non-empty label and hide it with label_visibility if needed.
Stack (most recent call last):
  File "C:\Users\lbulfon\AppData\Local\Programs\Python\Python311\Lib\threading.py", line 995, in _bootstrap
    self._bootstrap_inner()
  File "C:\Users\lbulfon\AppData\Local\Programs\Python\Python311\Lib\threading.py", line 1038, in _bootstrap_inner
    self.run()
  File "C:\Users\lbulfon\AppData\Local\Programs\Python\Python311\Lib\threading.py", line 975, in run
    self._target(*self._args, **self._kwargs)
  File "C:\Users\lbulfon\MyProjects\Task-Tracker\App\.venv\Lib\site-packages\streamlit\runtime\scriptrunner\script_runner.py", line 379, in _run_script_thread
    self._run_script(request.rerun_data)
  File "C:\Users\lbulfon\MyProjects\Task-Tracker\App\.venv\Lib\site-packages\streamlit\runtime\scriptrunner\script_runner.py", line 688, in _run_script
    ) = exec_func_with_error_handling(code_to_exec, ctx)
  File "C:\Users\lbulfon\MyProjects\Task-Tracker\App\.venv\Lib\site-packages\streamlit\runtime\scriptrunner\exec_code.py", line 129, in exec_func_with_error_handling
    result = func()
  File "C:\Users\lbulfon\MyProjects\Task-Tracker\App\.venv\Lib\site-packages\streamlit\runtime\scriptrunner\script_runner.py", line 672, in code_to_exec
    exec(code, module.__dict__)  # noqa: S102
  File "C:\Users\lbulfon\MyProjects\Task-Tracker\App\app.py", line 847, in <module>
    covering_for = st.selectbox(
  File "C:\Users\lbulfon\MyProjects\Task-Tracker\App\.venv\Lib\site-packages\streamlit\runtime\metrics_util.py", line 532, in wrapped_func
    result = non_optional_func(*args, **kwargs)
  File "C:\Users\lbulfon\MyProjects\Task-Tracker\App\.venv\Lib\site-packages\streamlit\elements\widgets\selectbox.py", line 471, in selectbox
    return self._selectbox(
  File "C:\Users\lbulfon\MyProjects\Task-Tracker\App\.venv\Lib\site-packages\streamlit\elements\widgets\selectbox.py", line 516, in _selectbox
    maybe_raise_label_warnings(label, label_visibility)
  File "C:\Users\lbulfon\MyProjects\Task-Tracker\App\.venv\Lib\site-packages\streamlit\elements\lib\policies.py", line 184, in maybe_raise_label_warnings
    _LOGGER.warning(
2026-01-22 15:11:29.772 `label` got an empty value. This is discouraged for accessibility reasons and may be disallowed in the future by raising an exception. Please provide a non-empty label and hide it with label_visibility if needed.
Stack (most recent call last):
  File "C:\Users\lbulfon\AppData\Local\Programs\Python\Python311\Lib\threading.py", line 995, in _bootstrap
    self._bootstrap_inner()
  File "C:\Users\lbulfon\AppData\Local\Programs\Python\Python311\Lib\threading.py", line 1038, in _bootstrap_inner
    self.run()
  File "C:\Users\lbulfon\AppData\Local\Programs\Python\Python311\Lib\threading.py", line 975, in run
    self._target(*self._args, **self._kwargs)
  File "C:\Users\lbulfon\MyProjects\Task-Tracker\App\.venv\Lib\site-packages\streamlit\runtime\scriptrunner\script_runner.py", line 379, in _run_script_thread
    self._run_script(request.rerun_data)
  File "C:\Users\lbulfon\MyProjects\Task-Tracker\App\.venv\Lib\site-packages\streamlit\runtime\scriptrunner\script_runner.py", line 688, in _run_script
    ) = exec_func_with_error_handling(code_to_exec, ctx)
  File "C:\Users\lbulfon\MyProjects\Task-Tracker\App\.venv\Lib\site-packages\streamlit\runtime\scriptrunner\exec_code.py", line 129, in exec_func_with_error_handling
    result = func()
  File "C:\Users\lbulfon\MyProjects\Task-Tracker\App\.venv\Lib\site-packages\streamlit\runtime\scriptrunner\script_runner.py", line 672, in code_to_exec
    exec(code, module.__dict__)  # noqa: S102
  File "C:\Users\lbulfon\MyProjects\Task-Tracker\App\app.py", line 847, in <module>
    covering_for = st.selectbox(
  File "C:\Users\lbulfon\MyProjects\Task-Tracker\App\.venv\Lib\site-packages\streamlit\runtime\metrics_util.py", line 532, in wrapped_func
    result = non_optional_func(*args, **kwargs)
  File "C:\Users\lbulfon\MyProjects\Task-Tracker\App\.venv\Lib\site-packages\streamlit\elements\widgets\selectbox.py", line 471, in selectbox
    return self._selectbox(
  File "C:\Users\lbulfon\MyProjects\Task-Tracker\App\.venv\Lib\site-packages\streamlit\elements\widgets\selectbox.py", line 516, in _selectbox
    maybe_raise_label_warnings(label, label_visibility)
  File "C:\Users\lbulfon\MyProjects\Task-Tracker\App\.venv\Lib\site-packages\streamlit\elements\lib\policies.py", line 184, in maybe_raise_label_warnings
    _LOGGER.warning(
2026-01-22 15:38:31.258 Uncaught app execution
Traceback (most recent call last):
  File "C:\Users\lbulfon\MyProjects\Task-Tracker\App\.venv\Lib\site-packages\streamlit\runtime\scriptrunner\exec_code.py", line 129, in exec_func_with_error_handling
    result = func()
             ^^^^^^
  File "C:\Users\lbulfon\MyProjects\Task-Tracker\App\.venv\Lib\site-packages\streamlit\runtime\scriptrunner\script_runner.py", line 672, in code_to_exec
    exec(code, module.__dict__)  # noqa: S102
    ^^^^^^^^^^^^^^^^^^^^^^^^^^^
  File "C:\Users\lbulfon\MyProjects\Task-Tracker\App\app.py", line 914, in <module>
    task_options = [""] + sorted(tasks_df["TaskName"].unique())
                                 ~~~~~~~~^^^^^^^^^^^^
  File "C:\Users\lbulfon\MyProjects\Task-Tracker\App\.venv\Lib\site-packages\pandas\core\frame.py", line 4113, in __getitem__
    indexer = self.columns.get_loc(key)
              ^^^^^^^^^^^^^^^^^^^^^^^^^
  File "C:\Users\lbulfon\MyProjects\Task-Tracker\App\.venv\Lib\site-packages\pandas\core\indexes\range.py", line 417, in get_loc
    raise KeyError(key)
KeyError: 'TaskName'
2026-01-22 15:39:08.654 Uncaught app execution
Traceback (most recent call last):
  File "C:\Users\lbulfon\MyProjects\Task-Tracker\App\.venv\Lib\site-packages\streamlit\runtime\scriptrunner\exec_code.py", line 129, in exec_func_with_error_handling
    result = func()
             ^^^^^^
  File "C:\Users\lbulfon\MyProjects\Task-Tracker\App\.venv\Lib\site-packages\streamlit\runtime\scriptrunner\script_runner.py", line 672, in code_to_exec
    exec(code, module.__dict__)  # noqa: S102
    ^^^^^^^^^^^^^^^^^^^^^^^^^^^
  File "C:\Users\lbulfon\MyProjects\Task-Tracker\App\app.py", line 914, in <module>
    task_options = [""] + sorted(tasks_df["TaskName"].unique())
                                 ~~~~~~~~^^^^^^^^^^^^
  File "C:\Users\lbulfon\MyProjects\Task-Tracker\App\.venv\Lib\site-packages\pandas\core\frame.py", line 4113, in __getitem__
    indexer = self.columns.get_loc(key)
              ^^^^^^^^^^^^^^^^^^^^^^^^^
  File "C:\Users\lbulfon\MyProjects\Task-Tracker\App\.venv\Lib\site-packages\pandas\core\indexes\range.py", line 417, in get_loc
    raise KeyError(key)
KeyError: 'TaskName'

  You can now view your Streamlit app in your browser.

  Local URL: http://localhost:8501
  Network URL: http://10.0.0.32:8501
  External URL: http://73.101.142.204:8501

2026-01-22 15:41:43.390 Uncaught app execution
Traceback (most recent call last):
  File "C:\Users\lbulfon\MyProjects\Task-Tracker\App\.venv\Lib\site-packages\streamlit\runtime\scriptrunner\exec_code.py", line 129, in exec_func_with_error_handling
    result = func()
             ^^^^^^
  File "C:\Users\lbulfon\MyProjects\Task-Tracker\App\.venv\Lib\site-packages\streamlit\runtime\scriptrunner\script_runner.py", line 672, in code_to_exec
    exec(code, module.__dict__)  # noqa: S102
    ^^^^^^^^^^^^^^^^^^^^^^^^^^^
  File "C:\Users\lbulfon\MyProjects\Task-Tracker\App\app.py", line 916, in <module>
    task_options = [""] + sorted(tasks_df["TaskName"].unique())
                                 ~~~~~~~~^^^^^^^^^^^^
  File "C:\Users\lbulfon\MyProjects\Task-Tracker\App\.venv\Lib\site-packages\pandas\core\frame.py", line 4113, in __getitem__
    indexer = self.columns.get_loc(key)
              ^^^^^^^^^^^^^^^^^^^^^^^^^
  File "C:\Users\lbulfon\MyProjects\Task-Tracker\App\.venv\Lib\site-packages\pandas\core\indexes\range.py", line 417, in get_loc
    raise KeyError(key)
KeyError: 'TaskName'
2026-01-22 15:42:08.966 Uncaught app execution
Traceback (most recent call last):
  File "C:\Users\lbulfon\MyProjects\Task-Tracker\App\.venv\Lib\site-packages\streamlit\runtime\scriptrunner\exec_code.py", line 129, in exec_func_with_error_handling
    result = func()
             ^^^^^^
  File "C:\Users\lbulfon\MyProjects\Task-Tracker\App\.venv\Lib\site-packages\streamlit\runtime\scriptrunner\script_runner.py", line 672, in code_to_exec
    exec(code, module.__dict__)  # noqa: S102
    ^^^^^^^^^^^^^^^^^^^^^^^^^^^
  File "C:\Users\lbulfon\MyProjects\Task-Tracker\App\app.py", line 916, in <module>
    task_options = [""] + sorted(tasks_df["TaskName"].unique())
                                 ~~~~~~~~^^^^^^^^^^^^
  File "C:\Users\lbulfon\MyProjects\Task-Tracker\App\.venv\Lib\site-packages\pandas\core\frame.py", line 4113, in __getitem__
    indexer = self.columns.get_loc(key)
              ^^^^^^^^^^^^^^^^^^^^^^^^^
  File "C:\Users\lbulfon\MyProjects\Task-Tracker\App\.venv\Lib\site-packages\pandas\core\indexes\range.py", line 417, in get_loc
    raise KeyError(key)
KeyError: 'TaskName'

  You can now view your Streamlit app in your browser.

  Local URL: http://localhost:8501
  Network URL: http://10.0.0.32:8501
  External URL: http://73.101.142.204:8501

2026-01-22 15:43:17.672 `label` got an empty value. This is discouraged for accessibility reasons and may be disallowed in the future by raising an exception. Please provide a non-empty label and hide it with label_visibility if needed.
Stack (most recent call last):
  File "C:\Users\lbulfon\AppData\Local\Programs\Python\Python311\Lib\threading.py", line 995, in _bootstrap
    self._bootstrap_inner()
  File "C:\Users\lbulfon\AppData\Local\Programs\Python\Python311\Lib\threading.py", line 1038, in _bootstrap_inner
    self.run()
  File "C:\Users\lbulfon\AppData\Local\Programs\Python\Python311\Lib\threading.py", line 975, in run
    self._target(*self._args, **self._kwargs)
  File "C:\Users\lbulfon\MyProjects\Task-Tracker\App\.venv\Lib\site-packages\streamlit\runtime\scriptrunner\script_runner.py", line 379, in _run_script_thread
    self._run_script(request.rerun_data)
  File "C:\Users\lbulfon\MyProjects\Task-Tracker\App\.venv\Lib\site-packages\streamlit\runtime\scriptrunner\script_runner.py", line 688, in _run_script
    ) = exec_func_with_error_handling(code_to_exec, ctx)
  File "C:\Users\lbulfon\MyProjects\Task-Tracker\App\.venv\Lib\site-packages\streamlit\runtime\scriptrunner\exec_code.py", line 129, in exec_func_with_error_handling
    result = func()
  File "C:\Users\lbulfon\MyProjects\Task-Tracker\App\.venv\Lib\site-packages\streamlit\runtime\scriptrunner\script_runner.py", line 672, in code_to_exec
    exec(code, module.__dict__)  # noqa: S102
  File "C:\Users\lbulfon\MyProjects\Task-Tracker\App\app.py", line 902, in <module>
    covering_for = st.selectbox(
  File "C:\Users\lbulfon\MyProjects\Task-Tracker\App\.venv\Lib\site-packages\streamlit\runtime\metrics_util.py", line 532, in wrapped_func
    result = non_optional_func(*args, **kwargs)
  File "C:\Users\lbulfon\MyProjects\Task-Tracker\App\.venv\Lib\site-packages\streamlit\elements\widgets\selectbox.py", line 471, in selectbox
    return self._selectbox(
  File "C:\Users\lbulfon\MyProjects\Task-Tracker\App\.venv\Lib\site-packages\streamlit\elements\widgets\selectbox.py", line 516, in _selectbox
    maybe_raise_label_warnings(label, label_visibility)
  File "C:\Users\lbulfon\MyProjects\Task-Tracker\App\.venv\Lib\site-packages\streamlit\elements\lib\policies.py", line 184, in maybe_raise_label_warnings
    _LOGGER.warning(
2026-01-22 15:45:54.197 `label` got an empty value. This is discouraged for accessibility reasons and may be disallowed in the future by raising an exception. Please provide a non-empty label and hide it with label_visibility if needed.
Stack (most recent call last):
  File "C:\Users\lbulfon\AppData\Local\Programs\Python\Python311\Lib\threading.py", line 995, in _bootstrap
    self._bootstrap_inner()
  File "C:\Users\lbulfon\AppData\Local\Programs\Python\Python311\Lib\threading.py", line 1038, in _bootstrap_inner
    self.run()
  File "C:\Users\lbulfon\AppData\Local\Programs\Python\Python311\Lib\threading.py", line 975, in run
    self._target(*self._args, **self._kwargs)
  File "C:\Users\lbulfon\MyProjects\Task-Tracker\App\.venv\Lib\site-packages\streamlit\runtime\scriptrunner\script_runner.py", line 379, in _run_script_thread
    self._run_script(request.rerun_data)
  File "C:\Users\lbulfon\MyProjects\Task-Tracker\App\.venv\Lib\site-packages\streamlit\runtime\scriptrunner\script_runner.py", line 688, in _run_script
    ) = exec_func_with_error_handling(code_to_exec, ctx)
  File "C:\Users\lbulfon\MyProjects\Task-Tracker\App\.venv\Lib\site-packages\streamlit\runtime\scriptrunner\exec_code.py", line 129, in exec_func_with_error_handling
    result = func()
  File "C:\Users\lbulfon\MyProjects\Task-Tracker\App\.venv\Lib\site-packages\streamlit\runtime\scriptrunner\script_runner.py", line 672, in code_to_exec
    exec(code, module.__dict__)  # noqa: S102
  File "C:\Users\lbulfon\MyProjects\Task-Tracker\App\app.py", line 936, in <module>
    covering_for = st.selectbox(
  File "C:\Users\lbulfon\MyProjects\Task-Tracker\App\.venv\Lib\site-packages\streamlit\runtime\metrics_util.py", line 532, in wrapped_func
    result = non_optional_func(*args, **kwargs)
  File "C:\Users\lbulfon\MyProjects\Task-Tracker\App\.venv\Lib\site-packages\streamlit\elements\widgets\selectbox.py", line 471, in selectbox
    return self._selectbox(
  File "C:\Users\lbulfon\MyProjects\Task-Tracker\App\.venv\Lib\site-packages\streamlit\elements\widgets\selectbox.py", line 516, in _selectbox
    maybe_raise_label_warnings(label, label_visibility)
  File "C:\Users\lbulfon\MyProjects\Task-Tracker\App\.venv\Lib\site-packages\streamlit\elements\lib\policies.py", line 184, in maybe_raise_label_warnings
    _LOGGER.warning(
2026-01-22 15:45:57.396 `label` got an empty value. This is discouraged for accessibility reasons and may be disallowed in the future by raising an exception. Please provide a non-empty label and hide it with label_visibility if needed.
Stack (most recent call last):
  File "C:\Users\lbulfon\AppData\Local\Programs\Python\Python311\Lib\threading.py", line 995, in _bootstrap
    self._bootstrap_inner()
  File "C:\Users\lbulfon\AppData\Local\Programs\Python\Python311\Lib\threading.py", line 1038, in _bootstrap_inner
    self.run()
  File "C:\Users\lbulfon\AppData\Local\Programs\Python\Python311\Lib\threading.py", line 975, in run
    self._target(*self._args, **self._kwargs)
  File "C:\Users\lbulfon\MyProjects\Task-Tracker\App\.venv\Lib\site-packages\streamlit\runtime\scriptrunner\script_runner.py", line 379, in _run_script_thread
    self._run_script(request.rerun_data)
  File "C:\Users\lbulfon\MyProjects\Task-Tracker\App\.venv\Lib\site-packages\streamlit\runtime\scriptrunner\script_runner.py", line 688, in _run_script
    ) = exec_func_with_error_handling(code_to_exec, ctx)
  File "C:\Users\lbulfon\MyProjects\Task-Tracker\App\.venv\Lib\site-packages\streamlit\runtime\scriptrunner\exec_code.py", line 129, in exec_func_with_error_handling
    result = func()
  File "C:\Users\lbulfon\MyProjects\Task-Tracker\App\.venv\Lib\site-packages\streamlit\runtime\scriptrunner\script_runner.py", line 672, in code_to_exec
    exec(code, module.__dict__)  # noqa: S102
  File "C:\Users\lbulfon\MyProjects\Task-Tracker\App\app.py", line 936, in <module>
    covering_for = st.selectbox(
  File "C:\Users\lbulfon\MyProjects\Task-Tracker\App\.venv\Lib\site-packages\streamlit\runtime\metrics_util.py", line 532, in wrapped_func
    result = non_optional_func(*args, **kwargs)
  File "C:\Users\lbulfon\MyProjects\Task-Tracker\App\.venv\Lib\site-packages\streamlit\elements\widgets\selectbox.py", line 471, in selectbox
    return self._selectbox(
  File "C:\Users\lbulfon\MyProjects\Task-Tracker\App\.venv\Lib\site-packages\streamlit\elements\widgets\selectbox.py", line 516, in _selectbox
    maybe_raise_label_warnings(label, label_visibility)
  File "C:\Users\lbulfon\MyProjects\Task-Tracker\App\.venv\Lib\site-packages\streamlit\elements\lib\policies.py", line 184, in maybe_raise_label_warnings
    _LOGGER.warning(
2026-01-22 15:45:58.823 `label` got an empty value. This is discouraged for accessibility reasons and may be disallowed in the future by raising an exception. Please provide a non-empty label and hide it with label_visibility if needed.
Stack (most recent call last):
  File "C:\Users\lbulfon\AppData\Local\Programs\Python\Python311\Lib\threading.py", line 995, in _bootstrap
    self._bootstrap_inner()
  File "C:\Users\lbulfon\AppData\Local\Programs\Python\Python311\Lib\threading.py", line 1038, in _bootstrap_inner
    self.run()
  File "C:\Users\lbulfon\AppData\Local\Programs\Python\Python311\Lib\threading.py", line 975, in run
    self._target(*self._args, **self._kwargs)
  File "C:\Users\lbulfon\MyProjects\Task-Tracker\App\.venv\Lib\site-packages\streamlit\runtime\scriptrunner\script_runner.py", line 379, in _run_script_thread
    self._run_script(request.rerun_data)
  File "C:\Users\lbulfon\MyProjects\Task-Tracker\App\.venv\Lib\site-packages\streamlit\runtime\scriptrunner\script_runner.py", line 688, in _run_script
    ) = exec_func_with_error_handling(code_to_exec, ctx)
  File "C:\Users\lbulfon\MyProjects\Task-Tracker\App\.venv\Lib\site-packages\streamlit\runtime\scriptrunner\exec_code.py", line 129, in exec_func_with_error_handling
    result = func()
  File "C:\Users\lbulfon\MyProjects\Task-Tracker\App\.venv\Lib\site-packages\streamlit\runtime\scriptrunner\script_runner.py", line 672, in code_to_exec
    exec(code, module.__dict__)  # noqa: S102
  File "C:\Users\lbulfon\MyProjects\Task-Tracker\App\app.py", line 936, in <module>
    covering_for = st.selectbox(
  File "C:\Users\lbulfon\MyProjects\Task-Tracker\App\.venv\Lib\site-packages\streamlit\runtime\metrics_util.py", line 532, in wrapped_func
    result = non_optional_func(*args, **kwargs)
  File "C:\Users\lbulfon\MyProjects\Task-Tracker\App\.venv\Lib\site-packages\streamlit\elements\widgets\selectbox.py", line 471, in selectbox
    return self._selectbox(
  File "C:\Users\lbulfon\MyProjects\Task-Tracker\App\.venv\Lib\site-packages\streamlit\elements\widgets\selectbox.py", line 516, in _selectbox
    maybe_raise_label_warnings(label, label_visibility)
  File "C:\Users\lbulfon\MyProjects\Task-Tracker\App\.venv\Lib\site-packages\streamlit\elements\lib\policies.py", line 184, in maybe_raise_label_warnings
    _LOGGER.warning(

  You can now view your Streamlit app in your browser.

  Local URL: http://localhost:8501
  Network URL: http://10.0.0.32:8501
  External URL: http://73.101.142.204:8501

2026-01-22 16:10:47.639 `label` got an empty value. This is discouraged for accessibility reasons and may be disallowed in the future by raising an exception. Please provide a non-empty label and hide it with label_visibility if needed.
Stack (most recent call last):
  File "C:\Users\lbulfon\AppData\Local\Programs\Python\Python311\Lib\threading.py", line 995, in _bootstrap
    self._bootstrap_inner()
  File "C:\Users\lbulfon\AppData\Local\Programs\Python\Python311\Lib\threading.py", line 1038, in _bootstrap_inner
    self.run()
  File "C:\Users\lbulfon\AppData\Local\Programs\Python\Python311\Lib\threading.py", line 975, in run
    self._target(*self._args, **self._kwargs)
  File "C:\Users\lbulfon\MyProjects\Task-Tracker\App\.venv\Lib\site-packages\streamlit\runtime\scriptrunner\script_runner.py", line 379, in _run_script_thread
    self._run_script(request.rerun_data)
  File "C:\Users\lbulfon\MyProjects\Task-Tracker\App\.venv\Lib\site-packages\streamlit\runtime\scriptrunner\script_runner.py", line 688, in _run_script
    ) = exec_func_with_error_handling(code_to_exec, ctx)
  File "C:\Users\lbulfon\MyProjects\Task-Tracker\App\.venv\Lib\site-packages\streamlit\runtime\scriptrunner\exec_code.py", line 129, in exec_func_with_error_handling
    result = func()
  File "C:\Users\lbulfon\MyProjects\Task-Tracker\App\.venv\Lib\site-packages\streamlit\runtime\scriptrunner\script_runner.py", line 672, in code_to_exec
    exec(code, module.__dict__)  # noqa: S102
  File "C:\Users\lbulfon\MyProjects\Task-Tracker\App\app.py", line 936, in <module>
    covering_for = st.selectbox(
  File "C:\Users\lbulfon\MyProjects\Task-Tracker\App\.venv\Lib\site-packages\streamlit\runtime\metrics_util.py", line 532, in wrapped_func
    result = non_optional_func(*args, **kwargs)
  File "C:\Users\lbulfon\MyProjects\Task-Tracker\App\.venv\Lib\site-packages\streamlit\elements\widgets\selectbox.py", line 471, in selectbox
    return self._selectbox(
  File "C:\Users\lbulfon\MyProjects\Task-Tracker\App\.venv\Lib\site-packages\streamlit\elements\widgets\selectbox.py", line 516, in _selectbox
    maybe_raise_label_warnings(label, label_visibility)
  File "C:\Users\lbulfon\MyProjects\Task-Tracker\App\.venv\Lib\site-packages\streamlit\elements\lib\policies.py", line 184, in maybe_raise_label_warnings
    _LOGGER.warning(
2026-01-22 16:14:39.812 Uncaught app execution
Traceback (most recent call last):
  File "pandas/_libs/tslibs/parsing.pyx", line 684, in pandas._libs.tslibs.parsing.dateutil_parse
ValueError: hour must be in 0..23

The above exception was the direct cause of the following exception:

Traceback (most recent call last):
  File "C:\Users\lbulfon\MyProjects\Task-Tracker\App\.venv\Lib\site-packages\streamlit\runtime\scriptrunner\exec_code.py", line 129, in exec_func_with_error_handling
    result = func()
             ^^^^^^
  File "C:\Users\lbulfon\MyProjects\Task-Tracker\App\.venv\Lib\site-packages\streamlit\runtime\scriptrunner\script_runner.py", line 672, in code_to_exec
    exec(code, module.__dict__)  # noqa: S102
    ^^^^^^^^^^^^^^^^^^^^^^^^^^^
  File "C:\Users\lbulfon\MyProjects\Task-Tracker\App\app.py", line 1193, in <module>
    recent_df["Uploaded"] = pd.to_datetime(
                            ^^^^^^^^^^^^^^^
  File "C:\Users\lbulfon\MyProjects\Task-Tracker\App\.venv\Lib\site-packages\pandas\core\tools\datetimes.py", line 1072, in to_datetime
    values = convert_listlike(arg._values, format)
             ^^^^^^^^^^^^^^^^^^^^^^^^^^^^^^^^^^^^^
  File "C:\Users\lbulfon\MyProjects\Task-Tracker\App\.venv\Lib\site-packages\pandas\core\tools\datetimes.py", line 437, in _convert_listlike_datetimes
    result, tz_parsed = objects_to_datetime64(
                        ^^^^^^^^^^^^^^^^^^^^^^
  File "C:\Users\lbulfon\MyProjects\Task-Tracker\App\.venv\Lib\site-packages\pandas\core\arrays\datetimes.py", line 2415, in objects_to_datetime64
    result, tz_parsed = tslib.array_to_datetime(
                        ^^^^^^^^^^^^^^^^^^^^^^^^
  File "pandas/_libs/tslib.pyx", line 412, in pandas._libs.tslib.array_to_datetime
  File "pandas/_libs/tslib.pyx", line 596, in pandas._libs.tslib.array_to_datetime
  File "pandas/_libs/tslib.pyx", line 553, in pandas._libs.tslib.array_to_datetime
  File "pandas/_libs/tslibs/conversion.pyx", line 641, in pandas._libs.tslibs.conversion.convert_str_to_tsobject
  File "pandas/_libs/tslibs/parsing.pyx", line 336, in pandas._libs.tslibs.parsing.parse_datetime_string
  File "pandas/_libs/tslibs/parsing.pyx", line 688, in pandas._libs.tslibs.parsing.dateutil_parse
pandas._libs.tslibs.parsing.DateParseError: hour must be in 0..23: 58:13.6, at position 0
2026-01-22 16:15:06.043 Uncaught app execution
Traceback (most recent call last):
  File "pandas/_libs/tslibs/parsing.pyx", line 684, in pandas._libs.tslibs.parsing.dateutil_parse
ValueError: hour must be in 0..23

The above exception was the direct cause of the following exception:

Traceback (most recent call last):
  File "C:\Users\lbulfon\MyProjects\Task-Tracker\App\.venv\Lib\site-packages\streamlit\runtime\scriptrunner\exec_code.py", line 129, in exec_func_with_error_handling
    result = func()
             ^^^^^^
  File "C:\Users\lbulfon\MyProjects\Task-Tracker\App\.venv\Lib\site-packages\streamlit\runtime\scriptrunner\script_runner.py", line 672, in code_to_exec
    exec(code, module.__dict__)  # noqa: S102
    ^^^^^^^^^^^^^^^^^^^^^^^^^^^
  File "C:\Users\lbulfon\MyProjects\Task-Tracker\App\app.py", line 1193, in <module>
    recent_df["Uploaded"] = pd.to_datetime(
                            ^^^^^^^^^^^^^^^
  File "C:\Users\lbulfon\MyProjects\Task-Tracker\App\.venv\Lib\site-packages\pandas\core\tools\datetimes.py", line 1072, in to_datetime
    values = convert_listlike(arg._values, format)
             ^^^^^^^^^^^^^^^^^^^^^^^^^^^^^^^^^^^^^
  File "C:\Users\lbulfon\MyProjects\Task-Tracker\App\.venv\Lib\site-packages\pandas\core\tools\datetimes.py", line 437, in _convert_listlike_datetimes
    result, tz_parsed = objects_to_datetime64(
                        ^^^^^^^^^^^^^^^^^^^^^^
  File "C:\Users\lbulfon\MyProjects\Task-Tracker\App\.venv\Lib\site-packages\pandas\core\arrays\datetimes.py", line 2415, in objects_to_datetime64
    result, tz_parsed = tslib.array_to_datetime(
                        ^^^^^^^^^^^^^^^^^^^^^^^^
  File "pandas/_libs/tslib.pyx", line 412, in pandas._libs.tslib.array_to_datetime
  File "pandas/_libs/tslib.pyx", line 596, in pandas._libs.tslib.array_to_datetime
  File "pandas/_libs/tslib.pyx", line 553, in pandas._libs.tslib.array_to_datetime
  File "pandas/_libs/tslibs/conversion.pyx", line 641, in pandas._libs.tslibs.conversion.convert_str_to_tsobject
  File "pandas/_libs/tslibs/parsing.pyx", line 336, in pandas._libs.tslibs.parsing.parse_datetime_string
  File "pandas/_libs/tslibs/parsing.pyx", line 688, in pandas._libs.tslibs.parsing.dateutil_parse
pandas._libs.tslibs.parsing.DateParseError: hour must be in 0..23: 58:13.6, at position 0

  You can now view your Streamlit app in your browser.

  Local URL: http://localhost:8501
  Network URL: http://10.0.0.32:8501
  External URL: http://73.101.142.204:8501

2026-01-22 16:16:36.975 Uncaught app execution
Traceback (most recent call last):
  File "pandas/_libs/tslibs/parsing.pyx", line 684, in pandas._libs.tslibs.parsing.dateutil_parse
ValueError: hour must be in 0..23

The above exception was the direct cause of the following exception:

Traceback (most recent call last):
  File "C:\Users\lbulfon\MyProjects\Task-Tracker\App\.venv\Lib\site-packages\streamlit\runtime\scriptrunner\exec_code.py", line 129, in exec_func_with_error_handling
    result = func()
             ^^^^^^
  File "C:\Users\lbulfon\MyProjects\Task-Tracker\App\.venv\Lib\site-packages\streamlit\runtime\scriptrunner\script_runner.py", line 672, in code_to_exec
    exec(code, module.__dict__)  # noqa: S102
    ^^^^^^^^^^^^^^^^^^^^^^^^^^^
  File "C:\Users\lbulfon\MyProjects\Task-Tracker\App\app.py", line 1193, in <module>
    recent_df["Uploaded"] = pd.to_datetime(
                            ^^^^^^^^^^^^^^^
  File "C:\Users\lbulfon\MyProjects\Task-Tracker\App\.venv\Lib\site-packages\pandas\core\tools\datetimes.py", line 1072, in to_datetime
    values = convert_listlike(arg._values, format)
             ^^^^^^^^^^^^^^^^^^^^^^^^^^^^^^^^^^^^^
  File "C:\Users\lbulfon\MyProjects\Task-Tracker\App\.venv\Lib\site-packages\pandas\core\tools\datetimes.py", line 437, in _convert_listlike_datetimes
    result, tz_parsed = objects_to_datetime64(
                        ^^^^^^^^^^^^^^^^^^^^^^
  File "C:\Users\lbulfon\MyProjects\Task-Tracker\App\.venv\Lib\site-packages\pandas\core\arrays\datetimes.py", line 2415, in objects_to_datetime64
    result, tz_parsed = tslib.array_to_datetime(
                        ^^^^^^^^^^^^^^^^^^^^^^^^
  File "pandas/_libs/tslib.pyx", line 412, in pandas._libs.tslib.array_to_datetime
  File "pandas/_libs/tslib.pyx", line 596, in pandas._libs.tslib.array_to_datetime
  File "pandas/_libs/tslib.pyx", line 553, in pandas._libs.tslib.array_to_datetime
  File "pandas/_libs/tslibs/conversion.pyx", line 641, in pandas._libs.tslibs.conversion.convert_str_to_tsobject
  File "pandas/_libs/tslibs/parsing.pyx", line 336, in pandas._libs.tslibs.parsing.parse_datetime_string
  File "pandas/_libs/tslibs/parsing.pyx", line 688, in pandas._libs.tslibs.parsing.dateutil_parse
pandas._libs.tslibs.parsing.DateParseError: hour must be in 0..23: 58:13.6, at position 0
2026-01-22 16:17:58.322 Uncaught app execution
Traceback (most recent call last):
  File "C:\Users\lbulfon\MyProjects\Task-Tracker\App\.venv\Lib\site-packages\streamlit\runtime\scriptrunner\exec_code.py", line 129, in exec_func_with_error_handling
    result = func()
             ^^^^^^
  File "C:\Users\lbulfon\MyProjects\Task-Tracker\App\.venv\Lib\site-packages\streamlit\runtime\scriptrunner\script_runner.py", line 672, in code_to_exec
    exec(code, module.__dict__)  # noqa: S102
    ^^^^^^^^^^^^^^^^^^^^^^^^^^^
  File "C:\Users\lbulfon\MyProjects\Task-Tracker\App\app.py", line 1205, in <module>
    recent_df["PartiallyComplete"] = recent_df["PartiallyComplete"].astype("boolean")
                                     ^^^^^^^^^^^^^^^^^^^^^^^^^^^^^^^^^^^^^^^^^^^^^^^^
  File "C:\Users\lbulfon\MyProjects\Task-Tracker\App\.venv\Lib\site-packages\pandas\core\generic.py", line 6665, in astype
    new_data = self._mgr.astype(dtype=dtype, copy=copy, errors=errors)
               ^^^^^^^^^^^^^^^^^^^^^^^^^^^^^^^^^^^^^^^^^^^^^^^^^^^^^^^
  File "C:\Users\lbulfon\MyProjects\Task-Tracker\App\.venv\Lib\site-packages\pandas\core\internals\managers.py", line 449, in astype
    return self.apply(
           ^^^^^^^^^^^
  File "C:\Users\lbulfon\MyProjects\Task-Tracker\App\.venv\Lib\site-packages\pandas\core\internals\managers.py", line 363, in apply
    applied = getattr(b, f)(**kwargs)
              ^^^^^^^^^^^^^^^^^^^^^^^
  File "C:\Users\lbulfon\MyProjects\Task-Tracker\App\.venv\Lib\site-packages\pandas\core\internals\blocks.py", line 784, in astype
    new_values = astype_array_safe(values, dtype, copy=copy, errors=errors)
                 ^^^^^^^^^^^^^^^^^^^^^^^^^^^^^^^^^^^^^^^^^^^^^^^^^^^^^^^^^^
  File "C:\Users\lbulfon\MyProjects\Task-Tracker\App\.venv\Lib\site-packages\pandas\core\dtypes\astype.py", line 237, in astype_array_safe
    new_values = astype_array(values, dtype, copy=copy)
                 ^^^^^^^^^^^^^^^^^^^^^^^^^^^^^^^^^^^^^^
  File "C:\Users\lbulfon\MyProjects\Task-Tracker\App\.venv\Lib\site-packages\pandas\core\dtypes\astype.py", line 182, in astype_array
    values = _astype_nansafe(values, dtype, copy=copy)
             ^^^^^^^^^^^^^^^^^^^^^^^^^^^^^^^^^^^^^^^^^
  File "C:\Users\lbulfon\MyProjects\Task-Tracker\App\.venv\Lib\site-packages\pandas\core\dtypes\astype.py", line 80, in _astype_nansafe
    return dtype.construct_array_type()._from_sequence(arr, dtype=dtype, copy=copy)
           ^^^^^^^^^^^^^^^^^^^^^^^^^^^^^^^^^^^^^^^^^^^^^^^^^^^^^^^^^^^^^^^^^^^^^^^^
  File "C:\Users\lbulfon\MyProjects\Task-Tracker\App\.venv\Lib\site-packages\pandas\core\arrays\masked.py", line 153, in _from_sequence
    values, mask = cls._coerce_to_array(scalars, dtype=dtype, copy=copy)
                   ^^^^^^^^^^^^^^^^^^^^^^^^^^^^^^^^^^^^^^^^^^^^^^^^^^^^^
  File "C:\Users\lbulfon\MyProjects\Task-Tracker\App\.venv\Lib\site-packages\pandas\core\arrays\boolean.py", line 356, in _coerce_to_array
    return coerce_to_array(value, copy=copy)
           ^^^^^^^^^^^^^^^^^^^^^^^^^^^^^^^^^
  File "C:\Users\lbulfon\MyProjects\Task-Tracker\App\.venv\Lib\site-packages\pandas\core\arrays\boolean.py", line 200, in coerce_to_array
    raise TypeError("Need to pass bool-like values")
TypeError: Need to pass bool-like values
2026-01-22 16:20:18.326 `label` got an empty value. This is discouraged for accessibility reasons and may be disallowed in the future by raising an exception. Please provide a non-empty label and hide it with label_visibility if needed.
Stack (most recent call last):
  File "C:\Users\lbulfon\AppData\Local\Programs\Python\Python311\Lib\threading.py", line 995, in _bootstrap
    self._bootstrap_inner()
  File "C:\Users\lbulfon\AppData\Local\Programs\Python\Python311\Lib\threading.py", line 1038, in _bootstrap_inner
    self.run()
  File "C:\Users\lbulfon\AppData\Local\Programs\Python\Python311\Lib\threading.py", line 975, in run
    self._target(*self._args, **self._kwargs)
  File "C:\Users\lbulfon\MyProjects\Task-Tracker\App\.venv\Lib\site-packages\streamlit\runtime\scriptrunner\script_runner.py", line 379, in _run_script_thread
    self._run_script(request.rerun_data)
  File "C:\Users\lbulfon\MyProjects\Task-Tracker\App\.venv\Lib\site-packages\streamlit\runtime\scriptrunner\script_runner.py", line 688, in _run_script
    ) = exec_func_with_error_handling(code_to_exec, ctx)
  File "C:\Users\lbulfon\MyProjects\Task-Tracker\App\.venv\Lib\site-packages\streamlit\runtime\scriptrunner\exec_code.py", line 129, in exec_func_with_error_handling
    result = func()
  File "C:\Users\lbulfon\MyProjects\Task-Tracker\App\.venv\Lib\site-packages\streamlit\runtime\scriptrunner\script_runner.py", line 672, in code_to_exec
    exec(code, module.__dict__)  # noqa: S102
  File "C:\Users\lbulfon\MyProjects\Task-Tracker\App\app.py", line 936, in <module>
    covering_for = st.selectbox(
  File "C:\Users\lbulfon\MyProjects\Task-Tracker\App\.venv\Lib\site-packages\streamlit\runtime\metrics_util.py", line 532, in wrapped_func
    result = non_optional_func(*args, **kwargs)
  File "C:\Users\lbulfon\MyProjects\Task-Tracker\App\.venv\Lib\site-packages\streamlit\elements\widgets\selectbox.py", line 471, in selectbox
    return self._selectbox(
  File "C:\Users\lbulfon\MyProjects\Task-Tracker\App\.venv\Lib\site-packages\streamlit\elements\widgets\selectbox.py", line 516, in _selectbox
    maybe_raise_label_warnings(label, label_visibility)
  File "C:\Users\lbulfon\MyProjects\Task-Tracker\App\.venv\Lib\site-packages\streamlit\elements\lib\policies.py", line 184, in maybe_raise_label_warnings
    _LOGGER.warning(
2026-01-22 16:33:29.821 Uncaught app execution
Traceback (most recent call last):
  File "C:\Users\lbulfon\MyProjects\Task-Tracker\App\.venv\Lib\site-packages\streamlit\runtime\scriptrunner\exec_code.py", line 129, in exec_func_with_error_handling
    result = func()
             ^^^^^^
  File "C:\Users\lbulfon\MyProjects\Task-Tracker\App\.venv\Lib\site-packages\streamlit\runtime\scriptrunner\script_runner.py", line 672, in code_to_exec
    exec(code, module.__dict__)  # noqa: S102
    ^^^^^^^^^^^^^^^^^^^^^^^^^^^
  File "C:\Users\lbulfon\MyProjects\Task-Tracker\App\app.py", line 1162, in <module>
    recent_df = load_recent_tasks(ROOT_DATA_DIR, user_key=None, limit=50)
                ^^^^^^^^^^^^^^^^^^^^^^^^^^^^^^^^^^^^^^^^^^^^^^^^^^^^^^^^^
  File "C:\Users\lbulfon\MyProjects\Task-Tracker\App\.venv\Lib\site-packages\streamlit\runtime\caching\cache_utils.py", line 281, in __call__
    return self._get_or_create_cached_value(args, kwargs, spinner_message)
           ^^^^^^^^^^^^^^^^^^^^^^^^^^^^^^^^^^^^^^^^^^^^^^^^^^^^^^^^^^^^^^^
  File "C:\Users\lbulfon\MyProjects\Task-Tracker\App\.venv\Lib\site-packages\streamlit\runtime\caching\cache_utils.py", line 326, in _get_or_create_cached_value
    return self._handle_cache_miss(cache, value_key, func_args, func_kwargs)
           ^^^^^^^^^^^^^^^^^^^^^^^^^^^^^^^^^^^^^^^^^^^^^^^^^^^^^^^^^^^^^^^^^
  File "C:\Users\lbulfon\MyProjects\Task-Tracker\App\.venv\Lib\site-packages\streamlit\runtime\caching\cache_utils.py", line 385, in _handle_cache_miss
    computed_value = self._info.func(*func_args, **func_kwargs)
                     ^^^^^^^^^^^^^^^^^^^^^^^^^^^^^^^^^^^^^^^^^^
  File "C:\Users\lbulfon\MyProjects\Task-Tracker\App\app.py", line 501, in load_recent_tasks
    return df.sort_values("StartTimestampUTC", ascending=False).head(limit)
           ^^^^^^^^^^^^^^^^^^^^^^^^^^^^^^^^^^^^^^^^^^^^^^^^^^^^
  File "C:\Users\lbulfon\MyProjects\Task-Tracker\App\.venv\Lib\site-packages\pandas\core\frame.py", line 7222, in sort_values
    indexer = nargsort(
              ^^^^^^^^^
  File "C:\Users\lbulfon\MyProjects\Task-Tracker\App\.venv\Lib\site-packages\pandas\core\sorting.py", line 439, in nargsort
    indexer = non_nan_idx[non_nans.argsort(kind=kind)]
                          ^^^^^^^^^^^^^^^^^^^^^^^^^^^
TypeError: '<' not supported between instances of 'str' and 'Timestamp'
